CRITICAL - 2023-10-06 04:47:47 --> A non-numeric value encountered
in APPPATH\Views\frontend\products.php on line 11.
 1 APPPATH\Views\frontend\products.php(11): CodeIgniter\Debug\Exceptions->errorHandler(2, 'A non-numeric value encountered', 'C:\\xampp\\htdocs\\MyShop\\app\\Views\\frontend\\products.php', 11, [...])
 2 SYSTEMPATH\View\View.php(226): include('C:\\xampp\\htdocs\\MyShop\\app\\Views\\frontend\\products.php')
 3 SYSTEMPATH\View\View.php(229): CodeIgniter\View\View->CodeIgniter\View\{closure}()
 4 SYSTEMPATH\Common.php(1188): CodeIgniter\View\View->render('frontend/products', [], true)
 5 APPPATH\Controllers\Products.php(18): view('frontend/products', [...])
 6 SYSTEMPATH\CodeIgniter.php(919): App\Controllers\Products->index()
 7 SYSTEMPATH\CodeIgniter.php(494): CodeIgniter\CodeIgniter->runController(Object(App\Controllers\Products))
 8 SYSTEMPATH\CodeIgniter.php(353): CodeIgniter\CodeIgniter->handleRequest(null, Object(Config\Cache), false)
 9 FCPATH\index.php(79): CodeIgniter\CodeIgniter->run()
CRITICAL - 2023-10-06 05:04:42 --> Illegal string offset 'name'
in APPPATH\Views\frontend\products.php on line 9.
 1 APPPATH\Views\frontend\products.php(9): CodeIgniter\Debug\Exceptions->errorHandler(2, 'Illegal string offset \'name\'', 'C:\\xampp\\htdocs\\MyShop\\app\\Views\\frontend\\products.php', 9, [...])
 2 SYSTEMPATH\View\View.php(226): include('C:\\xampp\\htdocs\\MyShop\\app\\Views\\frontend\\products.php')
 3 SYSTEMPATH\View\View.php(229): CodeIgniter\View\View->CodeIgniter\View\{closure}()
 4 SYSTEMPATH\Common.php(1188): CodeIgniter\View\View->render('frontend/products', [], true)
 5 APPPATH\Controllers\Products.php(18): view('frontend/products', [...])
 6 SYSTEMPATH\CodeIgniter.php(919): App\Controllers\Products->index()
 7 SYSTEMPATH\CodeIgniter.php(494): CodeIgniter\CodeIgniter->runController(Object(App\Controllers\Products))
 8 SYSTEMPATH\CodeIgniter.php(353): CodeIgniter\CodeIgniter->handleRequest(null, Object(Config\Cache), false)
 9 FCPATH\index.php(79): CodeIgniter\CodeIgniter->run()
CRITICAL - 2023-10-06 05:05:39 --> Illegal string offset 'name'
in APPPATH\Views\frontend\products.php on line 9.
 1 APPPATH\Views\frontend\products.php(9): CodeIgniter\Debug\Exceptions->errorHandler(2, 'Illegal string offset \'name\'', 'C:\\xampp\\htdocs\\MyShop\\app\\Views\\frontend\\products.php', 9, [...])
 2 SYSTEMPATH\View\View.php(226): include('C:\\xampp\\htdocs\\MyShop\\app\\Views\\frontend\\products.php')
 3 SYSTEMPATH\View\View.php(229): CodeIgniter\View\View->CodeIgniter\View\{closure}()
 4 SYSTEMPATH\Common.php(1188): CodeIgniter\View\View->render('frontend/products', [], true)
 5 APPPATH\Controllers\Products.php(18): view('frontend/products', [...])
 6 SYSTEMPATH\CodeIgniter.php(919): App\Controllers\Products->index()
 7 SYSTEMPATH\CodeIgniter.php(494): CodeIgniter\CodeIgniter->runController(Object(App\Controllers\Products))
 8 SYSTEMPATH\CodeIgniter.php(353): CodeIgniter\CodeIgniter->handleRequest(null, Object(Config\Cache), false)
 9 FCPATH\index.php(79): CodeIgniter\CodeIgniter->run()
CRITICAL - 2023-10-06 05:06:04 --> Illegal string offset 'name'
in APPPATH\Views\frontend\products.php on line 9.
 1 APPPATH\Views\frontend\products.php(9): CodeIgniter\Debug\Exceptions->errorHandler(2, 'Illegal string offset \'name\'', 'C:\\xampp\\htdocs\\MyShop\\app\\Views\\frontend\\products.php', 9, [...])
 2 SYSTEMPATH\View\View.php(226): include('C:\\xampp\\htdocs\\MyShop\\app\\Views\\frontend\\products.php')
 3 SYSTEMPATH\View\View.php(229): CodeIgniter\View\View->CodeIgniter\View\{closure}()
 4 SYSTEMPATH\Common.php(1188): CodeIgniter\View\View->render('frontend/products', [], true)
 5 APPPATH\Controllers\Products.php(18): view('frontend/products', [...])
 6 SYSTEMPATH\CodeIgniter.php(919): App\Controllers\Products->index()
 7 SYSTEMPATH\CodeIgniter.php(494): CodeIgniter\CodeIgniter->runController(Object(App\Controllers\Products))
 8 SYSTEMPATH\CodeIgniter.php(353): CodeIgniter\CodeIgniter->handleRequest(null, Object(Config\Cache), false)
 9 FCPATH\index.php(79): CodeIgniter\CodeIgniter->run()
CRITICAL - 2023-10-06 05:06:10 --> Illegal string offset 'name'
in APPPATH\Views\frontend\products.php on line 9.
 1 APPPATH\Views\frontend\products.php(9): CodeIgniter\Debug\Exceptions->errorHandler(2, 'Illegal string offset \'name\'', 'C:\\xampp\\htdocs\\MyShop\\app\\Views\\frontend\\products.php', 9, [...])
 2 SYSTEMPATH\View\View.php(226): include('C:\\xampp\\htdocs\\MyShop\\app\\Views\\frontend\\products.php')
 3 SYSTEMPATH\View\View.php(229): CodeIgniter\View\View->CodeIgniter\View\{closure}()
 4 SYSTEMPATH\Common.php(1188): CodeIgniter\View\View->render('frontend/products', [], true)
 5 APPPATH\Controllers\Products.php(18): view('frontend/products', [...])
 6 SYSTEMPATH\CodeIgniter.php(919): App\Controllers\Products->index()
 7 SYSTEMPATH\CodeIgniter.php(494): CodeIgniter\CodeIgniter->runController(Object(App\Controllers\Products))
 8 SYSTEMPATH\CodeIgniter.php(353): CodeIgniter\CodeIgniter->handleRequest(null, Object(Config\Cache), false)
 9 FCPATH\index.php(79): CodeIgniter\CodeIgniter->run()
CRITICAL - 2023-10-06 05:10:46 --> Illegal string offset 'price'
in APPPATH\Views\frontend\products.php on line 10.
 1 APPPATH\Views\frontend\products.php(10): CodeIgniter\Debug\Exceptions->errorHandler(2, 'Illegal string offset \'price\'', 'C:\\xampp\\htdocs\\MyShop\\app\\Views\\frontend\\products.php', 10, [...])
 2 SYSTEMPATH\View\View.php(226): include('C:\\xampp\\htdocs\\MyShop\\app\\Views\\frontend\\products.php')
 3 SYSTEMPATH\View\View.php(229): CodeIgniter\View\View->CodeIgniter\View\{closure}()
 4 SYSTEMPATH\Common.php(1188): CodeIgniter\View\View->render('frontend/products', [], true)
 5 APPPATH\Controllers\Products.php(18): view('frontend/products', [...])
 6 SYSTEMPATH\CodeIgniter.php(919): App\Controllers\Products->index()
 7 SYSTEMPATH\CodeIgniter.php(494): CodeIgniter\CodeIgniter->runController(Object(App\Controllers\Products))
 8 SYSTEMPATH\CodeIgniter.php(353): CodeIgniter\CodeIgniter->handleRequest(null, Object(Config\Cache), false)
 9 FCPATH\index.php(79): CodeIgniter\CodeIgniter->run()
CRITICAL - 2023-10-06 05:57:29 --> A non-numeric value encountered
in APPPATH\Views\frontend\products.php on line 7.
 1 APPPATH\Views\frontend\products.php(7): CodeIgniter\Debug\Exceptions->errorHandler(2, 'A non-numeric value encountered', 'C:\\xampp\\htdocs\\MyShop\\app\\Views\\frontend\\products.php', 7, [...])
 2 SYSTEMPATH\View\View.php(226): include('C:\\xampp\\htdocs\\MyShop\\app\\Views\\frontend\\products.php')
 3 SYSTEMPATH\View\View.php(229): CodeIgniter\View\View->CodeIgniter\View\{closure}()
 4 SYSTEMPATH\Common.php(1188): CodeIgniter\View\View->render('frontend/products', [], true)
 5 APPPATH\Controllers\Products.php(18): view('frontend/products', [...])
 6 SYSTEMPATH\CodeIgniter.php(919): App\Controllers\Products->index()
 7 SYSTEMPATH\CodeIgniter.php(494): CodeIgniter\CodeIgniter->runController(Object(App\Controllers\Products))
 8 SYSTEMPATH\CodeIgniter.php(353): CodeIgniter\CodeIgniter->handleRequest(null, Object(Config\Cache), false)
 9 FCPATH\index.php(79): CodeIgniter\CodeIgniter->run()
CRITICAL - 2023-10-06 05:57:59 --> A non-numeric value encountered
in APPPATH\Views\frontend\products.php on line 7.
 1 APPPATH\Views\frontend\products.php(7): CodeIgniter\Debug\Exceptions->errorHandler(2, 'A non-numeric value encountered', 'C:\\xampp\\htdocs\\MyShop\\app\\Views\\frontend\\products.php', 7, [...])
 2 SYSTEMPATH\View\View.php(226): include('C:\\xampp\\htdocs\\MyShop\\app\\Views\\frontend\\products.php')
 3 SYSTEMPATH\View\View.php(229): CodeIgniter\View\View->CodeIgniter\View\{closure}()
 4 SYSTEMPATH\Common.php(1188): CodeIgniter\View\View->render('frontend/products', [], true)
 5 APPPATH\Controllers\Products.php(18): view('frontend/products', [...])
 6 SYSTEMPATH\CodeIgniter.php(919): App\Controllers\Products->index()
 7 SYSTEMPATH\CodeIgniter.php(494): CodeIgniter\CodeIgniter->runController(Object(App\Controllers\Products))
 8 SYSTEMPATH\CodeIgniter.php(353): CodeIgniter\CodeIgniter->handleRequest(null, Object(Config\Cache), false)
 9 FCPATH\index.php(79): CodeIgniter\CodeIgniter->run()
CRITICAL - 2023-10-06 05:58:15 --> A non-numeric value encountered
in APPPATH\Views\frontend\products.php on line 7.
 1 APPPATH\Views\frontend\products.php(7): CodeIgniter\Debug\Exceptions->errorHandler(2, 'A non-numeric value encountered', 'C:\\xampp\\htdocs\\MyShop\\app\\Views\\frontend\\products.php', 7, [...])
 2 SYSTEMPATH\View\View.php(226): include('C:\\xampp\\htdocs\\MyShop\\app\\Views\\frontend\\products.php')
 3 SYSTEMPATH\View\View.php(229): CodeIgniter\View\View->CodeIgniter\View\{closure}()
 4 SYSTEMPATH\Common.php(1188): CodeIgniter\View\View->render('frontend/products', [], true)
 5 APPPATH\Controllers\Products.php(18): view('frontend/products', [...])
 6 SYSTEMPATH\CodeIgniter.php(919): App\Controllers\Products->index()
 7 SYSTEMPATH\CodeIgniter.php(494): CodeIgniter\CodeIgniter->runController(Object(App\Controllers\Products))
 8 SYSTEMPATH\CodeIgniter.php(353): CodeIgniter\CodeIgniter->handleRequest(null, Object(Config\Cache), false)
 9 FCPATH\index.php(79): CodeIgniter\CodeIgniter->run()
CRITICAL - 2023-10-06 06:02:15 --> A non-numeric value encountered
in APPPATH\Views\frontend\products.php on line 7.
 1 APPPATH\Views\frontend\products.php(7): CodeIgniter\Debug\Exceptions->errorHandler(2, 'A non-numeric value encountered', 'C:\\xampp\\htdocs\\MyShop\\app\\Views\\frontend\\products.php', 7, [...])
 2 SYSTEMPATH\View\View.php(226): include('C:\\xampp\\htdocs\\MyShop\\app\\Views\\frontend\\products.php')
 3 SYSTEMPATH\View\View.php(229): CodeIgniter\View\View->CodeIgniter\View\{closure}()
 4 SYSTEMPATH\Common.php(1188): CodeIgniter\View\View->render('frontend/products', [], true)
 5 APPPATH\Controllers\Products.php(18): view('frontend/products', [...])
 6 SYSTEMPATH\CodeIgniter.php(919): App\Controllers\Products->index()
 7 SYSTEMPATH\CodeIgniter.php(494): CodeIgniter\CodeIgniter->runController(Object(App\Controllers\Products))
 8 SYSTEMPATH\CodeIgniter.php(353): CodeIgniter\CodeIgniter->handleRequest(null, Object(Config\Cache), false)
 9 FCPATH\index.php(79): CodeIgniter\CodeIgniter->run()
