ERROR - 2023-10-07 07:10:47 --> mysqli_sql_exception: Unknown column 'categories.categoriyId' in 'on clause' in C:\xampp\htdocs\MyShop\system\Database\MySQLi\Connection.php:306
Stack trace:
#0 C:\xampp\htdocs\MyShop\system\Database\MySQLi\Connection.php(306): mysqli->query('SELECT *\nFROM `...', 0)
#1 C:\xampp\htdocs\MyShop\system\Database\BaseConnection.php(692): CodeIgniter\Database\MySQLi\Connection->execute('SELECT *\nFROM `...')
#2 C:\xampp\htdocs\MyShop\system\Database\BaseConnection.php(606): CodeIgniter\Database\BaseConnection->simpleQuery('SELECT *\nFROM `...')
#3 C:\xampp\htdocs\MyShop\system\Database\BaseBuilder.php(1615): CodeIgniter\Database\BaseConnection->query('SELECT *\nFROM `...', Array, false)
#4 C:\xampp\htdocs\MyShop\system\Model.php(264): CodeIgniter\Database\BaseBuilder->get()
#5 C:\xampp\htdocs\MyShop\system\BaseModel.php(662): CodeIgniter\Model->doFirst()
#6 C:\xampp\htdocs\MyShop\app\Models\ProductsModel.php(20): CodeIgniter\BaseModel->first()
#7 C:\xampp\htdocs\MyShop\app\Controllers\Products.php(26): App\Models\ProductsModel->getProducts('1')
#8 C:\xampp\htdocs\MyShop\system\CodeIgniter.php(919): App\Controllers\Products->showProduct('1')
#9 C:\xampp\htdocs\MyShop\system\CodeIgniter.php(494): CodeIgniter\CodeIgniter->runController(Object(App\Controllers\Products))
#10 C:\xampp\htdocs\MyShop\system\CodeIgniter.php(353): CodeIgniter\CodeIgniter->handleRequest(NULL, Object(Config\Cache), false)
#11 C:\xampp\htdocs\MyShop\index.php(79): CodeIgniter\CodeIgniter->run()
#12 {main}
CRITICAL - 2023-10-07 07:10:47 --> Unknown column 'categories.categoriyId' in 'on clause'
in SYSTEMPATH\Database\BaseConnection.php on line 646.
 1 SYSTEMPATH\Database\BaseBuilder.php(1615): CodeIgniter\Database\BaseConnection->query('SELECT *
FROM `products`
JOIN `categories` ON `categories`.`categoriyId` = `products`.`categoryProduct`
WHERE `productId` = :productId:
 LIMIT 1', [...], false)
 2 SYSTEMPATH\Model.php(264): CodeIgniter\Database\BaseBuilder->get()
 3 SYSTEMPATH\BaseModel.php(662): CodeIgniter\Model->doFirst()
 4 APPPATH\Models\ProductsModel.php(20): CodeIgniter\BaseModel->first()
 5 APPPATH\Controllers\Products.php(26): App\Models\ProductsModel->getProducts('1')
 6 SYSTEMPATH\CodeIgniter.php(919): App\Controllers\Products->showProduct('1')
 7 SYSTEMPATH\CodeIgniter.php(494): CodeIgniter\CodeIgniter->runController(Object(App\Controllers\Products))
 8 SYSTEMPATH\CodeIgniter.php(353): CodeIgniter\CodeIgniter->handleRequest(null, Object(Config\Cache), false)
 9 FCPATH\index.php(79): CodeIgniter\CodeIgniter->run()
ERROR - 2023-10-07 07:13:03 --> mysqli_sql_exception: Unknown column 'categories.categoriyId' in 'on clause' in C:\xampp\htdocs\MyShop\system\Database\MySQLi\Connection.php:306
Stack trace:
#0 C:\xampp\htdocs\MyShop\system\Database\MySQLi\Connection.php(306): mysqli->query('SELECT *\nFROM `...', 0)
#1 C:\xampp\htdocs\MyShop\system\Database\BaseConnection.php(692): CodeIgniter\Database\MySQLi\Connection->execute('SELECT *\nFROM `...')
#2 C:\xampp\htdocs\MyShop\system\Database\BaseConnection.php(606): CodeIgniter\Database\BaseConnection->simpleQuery('SELECT *\nFROM `...')
#3 C:\xampp\htdocs\MyShop\system\Database\BaseBuilder.php(1615): CodeIgniter\Database\BaseConnection->query('SELECT *\nFROM `...', Array, false)
#4 C:\xampp\htdocs\MyShop\system\Model.php(264): CodeIgniter\Database\BaseBuilder->get()
#5 C:\xampp\htdocs\MyShop\system\BaseModel.php(662): CodeIgniter\Model->doFirst()
#6 C:\xampp\htdocs\MyShop\app\Models\ProductsModel.php(20): CodeIgniter\BaseModel->first()
#7 C:\xampp\htdocs\MyShop\app\Controllers\Products.php(26): App\Models\ProductsModel->getProducts('1')
#8 C:\xampp\htdocs\MyShop\system\CodeIgniter.php(919): App\Controllers\Products->showProduct('1')
#9 C:\xampp\htdocs\MyShop\system\CodeIgniter.php(494): CodeIgniter\CodeIgniter->runController(Object(App\Controllers\Products))
#10 C:\xampp\htdocs\MyShop\system\CodeIgniter.php(353): CodeIgniter\CodeIgniter->handleRequest(NULL, Object(Config\Cache), false)
#11 C:\xampp\htdocs\MyShop\index.php(79): CodeIgniter\CodeIgniter->run()
#12 {main}
CRITICAL - 2023-10-07 07:13:03 --> Unknown column 'categories.categoriyId' in 'on clause'
in SYSTEMPATH\Database\BaseConnection.php on line 646.
 1 SYSTEMPATH\Database\BaseBuilder.php(1615): CodeIgniter\Database\BaseConnection->query('SELECT *
FROM `products`
JOIN `categories` ON `categories`.`categoriyId` = `products`.`categoryProduct`
WHERE `productId` = :productId:
 LIMIT 1', [...], false)
 2 SYSTEMPATH\Model.php(264): CodeIgniter\Database\BaseBuilder->get()
 3 SYSTEMPATH\BaseModel.php(662): CodeIgniter\Model->doFirst()
 4 APPPATH\Models\ProductsModel.php(20): CodeIgniter\BaseModel->first()
 5 APPPATH\Controllers\Products.php(26): App\Models\ProductsModel->getProducts('1')
 6 SYSTEMPATH\CodeIgniter.php(919): App\Controllers\Products->showProduct('1')
 7 SYSTEMPATH\CodeIgniter.php(494): CodeIgniter\CodeIgniter->runController(Object(App\Controllers\Products))
 8 SYSTEMPATH\CodeIgniter.php(353): CodeIgniter\CodeIgniter->handleRequest(null, Object(Config\Cache), false)
 9 FCPATH\index.php(79): CodeIgniter\CodeIgniter->run()
