CRITICAL - 2023-10-12 14:47:14 --> Class "App\Controllers\CategoryModel" not found
in APPPATH\Controllers\Crud.php on line 78.
 1 SYSTEMPATH\CodeIgniter.php(919): App\Controllers\Crud->showEditonProductForm('1')
 2 SYSTEMPATH\CodeIgniter.php(494): CodeIgniter\CodeIgniter->runController(Object(App\Controllers\Crud))
 3 SYSTEMPATH\CodeIgniter.php(353): CodeIgniter\CodeIgniter->handleRequest(null, Object(Config\Cache), false)
 4 FCPATH\index.php(79): CodeIgniter\CodeIgniter->run()
CRITICAL - 2023-10-12 14:47:24 --> Class "App\Controllers\CategoryModel" not found
in APPPATH\Controllers\Crud.php on line 78.
 1 SYSTEMPATH\CodeIgniter.php(919): App\Controllers\Crud->showEditonProductForm('2')
 2 SYSTEMPATH\CodeIgniter.php(494): CodeIgniter\CodeIgniter->runController(Object(App\Controllers\Crud))
 3 SYSTEMPATH\CodeIgniter.php(353): CodeIgniter\CodeIgniter->handleRequest(null, Object(Config\Cache), false)
 4 FCPATH\index.php(79): CodeIgniter\CodeIgniter->run()
CRITICAL - 2023-10-12 14:48:01 --> Call to undefined function App\Controllers\getProducts()
in APPPATH\Controllers\Crud.php on line 81.
 1 SYSTEMPATH\CodeIgniter.php(919): App\Controllers\Crud->showEditonProductForm('1')
 2 SYSTEMPATH\CodeIgniter.php(494): CodeIgniter\CodeIgniter->runController(Object(App\Controllers\Crud))
 3 SYSTEMPATH\CodeIgniter.php(353): CodeIgniter\CodeIgniter->handleRequest(null, Object(Config\Cache), false)
 4 FCPATH\index.php(79): CodeIgniter\CodeIgniter->run()
CRITICAL - 2023-10-12 14:49:03 --> Call to undefined function App\Controllers\getProducts()
in APPPATH\Controllers\Crud.php on line 81.
 1 SYSTEMPATH\CodeIgniter.php(919): App\Controllers\Crud->showEditonProductForm('3')
 2 SYSTEMPATH\CodeIgniter.php(494): CodeIgniter\CodeIgniter->runController(Object(App\Controllers\Crud))
 3 SYSTEMPATH\CodeIgniter.php(353): CodeIgniter\CodeIgniter->handleRequest(null, Object(Config\Cache), false)
 4 FCPATH\index.php(79): CodeIgniter\CodeIgniter->run()
CRITICAL - 2023-10-12 14:49:50 --> Call to undefined function App\Controllers\getProducts()
in APPPATH\Controllers\Crud.php on line 81.
 1 SYSTEMPATH\CodeIgniter.php(919): App\Controllers\Crud->showEditonProductForm('1')
 2 SYSTEMPATH\CodeIgniter.php(494): CodeIgniter\CodeIgniter->runController(Object(App\Controllers\Crud))
 3 SYSTEMPATH\CodeIgniter.php(353): CodeIgniter\CodeIgniter->handleRequest(null, Object(Config\Cache), false)
 4 FCPATH\index.php(79): CodeIgniter\CodeIgniter->run()
CRITICAL - 2023-10-12 14:50:13 --> Call to undefined function validation_list_errors()
in APPPATH\Views\backend\product_form.php on line 4.
 1 SYSTEMPATH\View\View.php(226): include()
 2 SYSTEMPATH\View\View.php(229): CodeIgniter\View\View->CodeIgniter\View\{closure}()
 3 SYSTEMPATH\Common.php(1188): CodeIgniter\View\View->render('backend/product_form', [], true)
 4 APPPATH\Controllers\Crud.php(90): view('backend/product_form', [...])
 5 SYSTEMPATH\CodeIgniter.php(919): App\Controllers\Crud->showEditonProductForm('1')
 6 SYSTEMPATH\CodeIgniter.php(494): CodeIgniter\CodeIgniter->runController(Object(App\Controllers\Crud))
 7 SYSTEMPATH\CodeIgniter.php(353): CodeIgniter\CodeIgniter->handleRequest(null, Object(Config\Cache), false)
 8 FCPATH\index.php(79): CodeIgniter\CodeIgniter->run()
CRITICAL - 2023-10-12 14:50:54 --> Call to undefined function validation_list_errors()
in APPPATH\Views\backend\product_form.php on line 4.
 1 SYSTEMPATH\View\View.php(226): include()
 2 SYSTEMPATH\View\View.php(229): CodeIgniter\View\View->CodeIgniter\View\{closure}()
 3 SYSTEMPATH\Common.php(1188): CodeIgniter\View\View->render('backend/product_form', [], true)
 4 APPPATH\Controllers\Crud.php(90): view('backend/product_form', [...])
 5 SYSTEMPATH\CodeIgniter.php(919): App\Controllers\Crud->showEditonProductForm('1')
 6 SYSTEMPATH\CodeIgniter.php(494): CodeIgniter\CodeIgniter->runController(Object(App\Controllers\Crud))
 7 SYSTEMPATH\CodeIgniter.php(353): CodeIgniter\CodeIgniter->handleRequest(null, Object(Config\Cache), false)
 8 FCPATH\index.php(79): CodeIgniter\CodeIgniter->run()
CRITICAL - 2023-10-12 14:52:07 --> Call to undefined function validation_list_errors()
in APPPATH\Views\backend\product_form.php on line 4.
 1 SYSTEMPATH\View\View.php(226): include()
 2 SYSTEMPATH\View\View.php(229): CodeIgniter\View\View->CodeIgniter\View\{closure}()
 3 SYSTEMPATH\Common.php(1188): CodeIgniter\View\View->render('backend/product_form', [], true)
 4 APPPATH\Controllers\Crud.php(90): view('backend/product_form', [...])
 5 SYSTEMPATH\CodeIgniter.php(919): App\Controllers\Crud->showEditonProductForm('1')
 6 SYSTEMPATH\CodeIgniter.php(494): CodeIgniter\CodeIgniter->runController(Object(App\Controllers\Crud))
 7 SYSTEMPATH\CodeIgniter.php(353): CodeIgniter\CodeIgniter->handleRequest(null, Object(Config\Cache), false)
 8 FCPATH\index.php(79): CodeIgniter\CodeIgniter->run()
CRITICAL - 2023-10-12 14:52:29 --> syntax error, unexpected token ";"
in APPPATH\Views\backend\product_edition_form.php on line 3.
 1 SYSTEMPATH\View\View.php(229): CodeIgniter\View\View->CodeIgniter\View\{closure}()
 2 SYSTEMPATH\Common.php(1188): CodeIgniter\View\View->render('backend/product_edition_form', [], true)
 3 APPPATH\Controllers\Crud.php(90): view('backend/product_edition_form', [...])
 4 SYSTEMPATH\CodeIgniter.php(919): App\Controllers\Crud->showEditonProductForm('1')
 5 SYSTEMPATH\CodeIgniter.php(494): CodeIgniter\CodeIgniter->runController(Object(App\Controllers\Crud))
 6 SYSTEMPATH\CodeIgniter.php(353): CodeIgniter\CodeIgniter->handleRequest(null, Object(Config\Cache), false)
 7 FCPATH\index.php(79): CodeIgniter\CodeIgniter->run()
CRITICAL - 2023-10-12 14:53:16 --> syntax error, unexpected token ";"
in APPPATH\Views\backend\product_edition_form.php on line 3.
 1 SYSTEMPATH\View\View.php(229): CodeIgniter\View\View->CodeIgniter\View\{closure}()
 2 SYSTEMPATH\Common.php(1188): CodeIgniter\View\View->render('backend/product_edition_form', [], true)
 3 APPPATH\Controllers\Crud.php(90): view('backend/product_edition_form', [...])
 4 SYSTEMPATH\CodeIgniter.php(919): App\Controllers\Crud->showEditonProductForm('1')
 5 SYSTEMPATH\CodeIgniter.php(494): CodeIgniter\CodeIgniter->runController(Object(App\Controllers\Crud))
 6 SYSTEMPATH\CodeIgniter.php(353): CodeIgniter\CodeIgniter->handleRequest(null, Object(Config\Cache), false)
 7 FCPATH\index.php(79): CodeIgniter\CodeIgniter->run()
CRITICAL - 2023-10-12 14:53:21 --> syntax error, unexpected token ";"
in APPPATH\Views\backend\product_edition_form.php on line 3.
 1 SYSTEMPATH\View\View.php(229): CodeIgniter\View\View->CodeIgniter\View\{closure}()
 2 SYSTEMPATH\Common.php(1188): CodeIgniter\View\View->render('backend/product_edition_form', [], true)
 3 APPPATH\Controllers\Crud.php(90): view('backend/product_edition_form', [...])
 4 SYSTEMPATH\CodeIgniter.php(919): App\Controllers\Crud->showEditonProductForm('1')
 5 SYSTEMPATH\CodeIgniter.php(494): CodeIgniter\CodeIgniter->runController(Object(App\Controllers\Crud))
 6 SYSTEMPATH\CodeIgniter.php(353): CodeIgniter\CodeIgniter->handleRequest(null, Object(Config\Cache), false)
 7 FCPATH\index.php(79): CodeIgniter\CodeIgniter->run()
CRITICAL - 2023-10-12 14:54:23 --> Undefined variable $validation
in APPPATH\Views\backend\product_edition_form.php on line 20.
 1 APPPATH\Views\backend\product_edition_form.php(20): CodeIgniter\Debug\Exceptions->errorHandler(2, 'Undefined variable $validation', 'C:\\xampp\\htdocs\\MyShop\\app\\Views\\backend\\product_edition_form.php', 20)
 2 SYSTEMPATH\View\View.php(226): include('C:\\xampp\\htdocs\\MyShop\\app\\Views\\backend\\product_edition_form.php')
 3 SYSTEMPATH\View\View.php(229): CodeIgniter\View\View->CodeIgniter\View\{closure}()
 4 SYSTEMPATH\Common.php(1188): CodeIgniter\View\View->render('backend/product_edition_form', [], true)
 5 APPPATH\Controllers\Crud.php(90): view('backend/product_edition_form', [...])
 6 SYSTEMPATH\CodeIgniter.php(919): App\Controllers\Crud->showEditonProductForm('1')
 7 SYSTEMPATH\CodeIgniter.php(494): CodeIgniter\CodeIgniter->runController(Object(App\Controllers\Crud))
 8 SYSTEMPATH\CodeIgniter.php(353): CodeIgniter\CodeIgniter->handleRequest(null, Object(Config\Cache), false)
 9 FCPATH\index.php(79): CodeIgniter\CodeIgniter->run()
CRITICAL - 2023-10-12 14:57:35 --> Undefined array key "name"
in APPPATH\Views\backend\product_edition_form.php on line 18.
 1 APPPATH\Views\backend\product_edition_form.php(18): CodeIgniter\Debug\Exceptions->errorHandler(2, 'Undefined array key "name"', 'C:\\xampp\\htdocs\\MyShop\\app\\Views\\backend\\product_edition_form.php', 18)
 2 SYSTEMPATH\View\View.php(226): include('C:\\xampp\\htdocs\\MyShop\\app\\Views\\backend\\product_edition_form.php')
 3 SYSTEMPATH\View\View.php(229): CodeIgniter\View\View->CodeIgniter\View\{closure}()
 4 SYSTEMPATH\Common.php(1188): CodeIgniter\View\View->render('backend/product_edition_form', [], true)
 5 APPPATH\Controllers\Crud.php(90): view('backend/product_edition_form', [...])
 6 SYSTEMPATH\CodeIgniter.php(919): App\Controllers\Crud->showEditonProductForm('1')
 7 SYSTEMPATH\CodeIgniter.php(494): CodeIgniter\CodeIgniter->runController(Object(App\Controllers\Crud))
 8 SYSTEMPATH\CodeIgniter.php(353): CodeIgniter\CodeIgniter->handleRequest(null, Object(Config\Cache), false)
 9 FCPATH\index.php(79): CodeIgniter\CodeIgniter->run()
CRITICAL - 2023-10-12 14:59:06 --> Undefined array key 1
in APPPATH\Views\backend\product_edition_form.php on line 18.
 1 APPPATH\Views\backend\product_edition_form.php(18): CodeIgniter\Debug\Exceptions->errorHandler(2, 'Undefined array key 1', 'C:\\xampp\\htdocs\\MyShop\\app\\Views\\backend\\product_edition_form.php', 18)
 2 SYSTEMPATH\View\View.php(226): include('C:\\xampp\\htdocs\\MyShop\\app\\Views\\backend\\product_edition_form.php')
 3 SYSTEMPATH\View\View.php(229): CodeIgniter\View\View->CodeIgniter\View\{closure}()
 4 SYSTEMPATH\Common.php(1188): CodeIgniter\View\View->render('backend/product_edition_form', [], true)
 5 APPPATH\Controllers\Crud.php(90): view('backend/product_edition_form', [...])
 6 SYSTEMPATH\CodeIgniter.php(919): App\Controllers\Crud->showEditonProductForm('2')
 7 SYSTEMPATH\CodeIgniter.php(494): CodeIgniter\CodeIgniter->runController(Object(App\Controllers\Crud))
 8 SYSTEMPATH\CodeIgniter.php(353): CodeIgniter\CodeIgniter->handleRequest(null, Object(Config\Cache), false)
 9 FCPATH\index.php(79): CodeIgniter\CodeIgniter->run()
CRITICAL - 2023-10-12 14:59:35 --> Attempt to read property "name" on array
in APPPATH\Views\backend\product_edition_form.php on line 18.
 1 APPPATH\Views\backend\product_edition_form.php(18): CodeIgniter\Debug\Exceptions->errorHandler(2, 'Attempt to read property "name" on array', 'C:\\xampp\\htdocs\\MyShop\\app\\Views\\backend\\product_edition_form.php', 18)
 2 SYSTEMPATH\View\View.php(226): include('C:\\xampp\\htdocs\\MyShop\\app\\Views\\backend\\product_edition_form.php')
 3 SYSTEMPATH\View\View.php(229): CodeIgniter\View\View->CodeIgniter\View\{closure}()
 4 SYSTEMPATH\Common.php(1188): CodeIgniter\View\View->render('backend/product_edition_form', [], true)
 5 APPPATH\Controllers\Crud.php(90): view('backend/product_edition_form', [...])
 6 SYSTEMPATH\CodeIgniter.php(919): App\Controllers\Crud->showEditonProductForm('2')
 7 SYSTEMPATH\CodeIgniter.php(494): CodeIgniter\CodeIgniter->runController(Object(App\Controllers\Crud))
 8 SYSTEMPATH\CodeIgniter.php(353): CodeIgniter\CodeIgniter->handleRequest(null, Object(Config\Cache), false)
 9 FCPATH\index.php(79): CodeIgniter\CodeIgniter->run()
CRITICAL - 2023-10-12 14:59:47 --> Attempt to read property "name" on array
in APPPATH\Views\backend\product_edition_form.php on line 18.
 1 APPPATH\Views\backend\product_edition_form.php(18): CodeIgniter\Debug\Exceptions->errorHandler(2, 'Attempt to read property "name" on array', 'C:\\xampp\\htdocs\\MyShop\\app\\Views\\backend\\product_edition_form.php', 18)
 2 SYSTEMPATH\View\View.php(226): include('C:\\xampp\\htdocs\\MyShop\\app\\Views\\backend\\product_edition_form.php')
 3 SYSTEMPATH\View\View.php(229): CodeIgniter\View\View->CodeIgniter\View\{closure}()
 4 SYSTEMPATH\Common.php(1188): CodeIgniter\View\View->render('backend/product_edition_form', [], true)
 5 APPPATH\Controllers\Crud.php(90): view('backend/product_edition_form', [...])
 6 SYSTEMPATH\CodeIgniter.php(919): App\Controllers\Crud->showEditonProductForm('3')
 7 SYSTEMPATH\CodeIgniter.php(494): CodeIgniter\CodeIgniter->runController(Object(App\Controllers\Crud))
 8 SYSTEMPATH\CodeIgniter.php(353): CodeIgniter\CodeIgniter->handleRequest(null, Object(Config\Cache), false)
 9 FCPATH\index.php(79): CodeIgniter\CodeIgniter->run()
CRITICAL - 2023-10-12 15:00:49 --> Undefined array key 1
in APPPATH\Views\backend\product_edition_form.php on line 18.
 1 APPPATH\Views\backend\product_edition_form.php(18): CodeIgniter\Debug\Exceptions->errorHandler(2, 'Undefined array key 1', 'C:\\xampp\\htdocs\\MyShop\\app\\Views\\backend\\product_edition_form.php', 18)
 2 SYSTEMPATH\View\View.php(226): include('C:\\xampp\\htdocs\\MyShop\\app\\Views\\backend\\product_edition_form.php')
 3 SYSTEMPATH\View\View.php(229): CodeIgniter\View\View->CodeIgniter\View\{closure}()
 4 SYSTEMPATH\Common.php(1188): CodeIgniter\View\View->render('backend/product_edition_form', [], true)
 5 APPPATH\Controllers\Crud.php(90): view('backend/product_edition_form', [...])
 6 SYSTEMPATH\CodeIgniter.php(919): App\Controllers\Crud->showEditonProductForm('1')
 7 SYSTEMPATH\CodeIgniter.php(494): CodeIgniter\CodeIgniter->runController(Object(App\Controllers\Crud))
 8 SYSTEMPATH\CodeIgniter.php(353): CodeIgniter\CodeIgniter->handleRequest(null, Object(Config\Cache), false)
 9 FCPATH\index.php(79): CodeIgniter\CodeIgniter->run()
CRITICAL - 2023-10-12 15:01:02 --> Undefined array key 0
in APPPATH\Views\backend\product_edition_form.php on line 18.
 1 APPPATH\Views\backend\product_edition_form.php(18): CodeIgniter\Debug\Exceptions->errorHandler(2, 'Undefined array key 0', 'C:\\xampp\\htdocs\\MyShop\\app\\Views\\backend\\product_edition_form.php', 18)
 2 SYSTEMPATH\View\View.php(226): include('C:\\xampp\\htdocs\\MyShop\\app\\Views\\backend\\product_edition_form.php')
 3 SYSTEMPATH\View\View.php(229): CodeIgniter\View\View->CodeIgniter\View\{closure}()
 4 SYSTEMPATH\Common.php(1188): CodeIgniter\View\View->render('backend/product_edition_form', [], true)
 5 APPPATH\Controllers\Crud.php(90): view('backend/product_edition_form', [...])
 6 SYSTEMPATH\CodeIgniter.php(919): App\Controllers\Crud->showEditonProductForm('1')
 7 SYSTEMPATH\CodeIgniter.php(494): CodeIgniter\CodeIgniter->runController(Object(App\Controllers\Crud))
 8 SYSTEMPATH\CodeIgniter.php(353): CodeIgniter\CodeIgniter->handleRequest(null, Object(Config\Cache), false)
 9 FCPATH\index.php(79): CodeIgniter\CodeIgniter->run()
CRITICAL - 2023-10-12 15:01:22 --> Array to string conversion
in APPPATH\Views\backend\product_edition_form.php on line 18.
 1 APPPATH\Views\backend\product_edition_form.php(18): CodeIgniter\Debug\Exceptions->errorHandler(2, 'Array to string conversion', 'C:\\xampp\\htdocs\\MyShop\\app\\Views\\backend\\product_edition_form.php', 18)
 2 SYSTEMPATH\View\View.php(226): include('C:\\xampp\\htdocs\\MyShop\\app\\Views\\backend\\product_edition_form.php')
 3 SYSTEMPATH\View\View.php(229): CodeIgniter\View\View->CodeIgniter\View\{closure}()
 4 SYSTEMPATH\Common.php(1188): CodeIgniter\View\View->render('backend/product_edition_form', [], true)
 5 APPPATH\Controllers\Crud.php(90): view('backend/product_edition_form', [...])
 6 SYSTEMPATH\CodeIgniter.php(919): App\Controllers\Crud->showEditonProductForm('2')
 7 SYSTEMPATH\CodeIgniter.php(494): CodeIgniter\CodeIgniter->runController(Object(App\Controllers\Crud))
 8 SYSTEMPATH\CodeIgniter.php(353): CodeIgniter\CodeIgniter->handleRequest(null, Object(Config\Cache), false)
 9 FCPATH\index.php(79): CodeIgniter\CodeIgniter->run()
CRITICAL - 2023-10-12 15:02:02 --> Undefined array key "name"
in APPPATH\Views\backend\product_edition_form.php on line 5.
 1 APPPATH\Views\backend\product_edition_form.php(5): CodeIgniter\Debug\Exceptions->errorHandler(2, 'Undefined array key "name"', 'C:\\xampp\\htdocs\\MyShop\\app\\Views\\backend\\product_edition_form.php', 5)
 2 SYSTEMPATH\View\View.php(226): include('C:\\xampp\\htdocs\\MyShop\\app\\Views\\backend\\product_edition_form.php')
 3 SYSTEMPATH\View\View.php(229): CodeIgniter\View\View->CodeIgniter\View\{closure}()
 4 SYSTEMPATH\Common.php(1188): CodeIgniter\View\View->render('backend/product_edition_form', [], true)
 5 APPPATH\Controllers\Crud.php(90): view('backend/product_edition_form', [...])
 6 SYSTEMPATH\CodeIgniter.php(919): App\Controllers\Crud->showEditonProductForm('2')
 7 SYSTEMPATH\CodeIgniter.php(494): CodeIgniter\CodeIgniter->runController(Object(App\Controllers\Crud))
 8 SYSTEMPATH\CodeIgniter.php(353): CodeIgniter\CodeIgniter->handleRequest(null, Object(Config\Cache), false)
 9 FCPATH\index.php(79): CodeIgniter\CodeIgniter->run()
CRITICAL - 2023-10-12 15:49:58 --> Call to undefined function validation_list_errors()
in APPPATH\Views\backend\product_edition_form.php on line 6.
 1 SYSTEMPATH\View\View.php(226): include()
 2 SYSTEMPATH\View\View.php(229): CodeIgniter\View\View->CodeIgniter\View\{closure}()
 3 SYSTEMPATH\Common.php(1188): CodeIgniter\View\View->render('backend/product_edition_form', [], true)
 4 APPPATH\Controllers\Crud.php(90): view('backend/product_edition_form', [...])
 5 SYSTEMPATH\CodeIgniter.php(919): App\Controllers\Crud->showEditonProductForm('1')
 6 SYSTEMPATH\CodeIgniter.php(494): CodeIgniter\CodeIgniter->runController(Object(App\Controllers\Crud))
 7 SYSTEMPATH\CodeIgniter.php(353): CodeIgniter\CodeIgniter->handleRequest(null, Object(Config\Cache), false)
 8 FCPATH\index.php(79): CodeIgniter\CodeIgniter->run()
CRITICAL - 2023-10-12 15:53:56 --> Call to undefined function validation_list_errors()
in APPPATH\Views\backend\product_edition_form.php on line 4.
 1 SYSTEMPATH\View\View.php(226): include()
 2 SYSTEMPATH\View\View.php(229): CodeIgniter\View\View->CodeIgniter\View\{closure}()
 3 SYSTEMPATH\Common.php(1188): CodeIgniter\View\View->render('backend/product_edition_form', [], true)
 4 APPPATH\Controllers\Crud.php(90): view('backend/product_edition_form', [...])
 5 SYSTEMPATH\CodeIgniter.php(919): App\Controllers\Crud->showEditonProductForm('2')
 6 SYSTEMPATH\CodeIgniter.php(494): CodeIgniter\CodeIgniter->runController(Object(App\Controllers\Crud))
 7 SYSTEMPATH\CodeIgniter.php(353): CodeIgniter\CodeIgniter->handleRequest(null, Object(Config\Cache), false)
 8 FCPATH\index.php(79): CodeIgniter\CodeIgniter->run()
CRITICAL - 2023-10-12 15:55:51 --> Call to undefined function validation_list_errors()
in APPPATH\Views\backend\product_edition_form.php on line 4.
 1 SYSTEMPATH\View\View.php(226): include()
 2 SYSTEMPATH\View\View.php(229): CodeIgniter\View\View->CodeIgniter\View\{closure}()
 3 SYSTEMPATH\Common.php(1188): CodeIgniter\View\View->render('backend/product_edition_form', [], true)
 4 APPPATH\Controllers\Crud.php(90): view('backend/product_edition_form', [...])
 5 SYSTEMPATH\CodeIgniter.php(919): App\Controllers\Crud->showEditonProductForm('1')
 6 SYSTEMPATH\CodeIgniter.php(494): CodeIgniter\CodeIgniter->runController(Object(App\Controllers\Crud))
 7 SYSTEMPATH\CodeIgniter.php(353): CodeIgniter\CodeIgniter->handleRequest(null, Object(Config\Cache), false)
 8 FCPATH\index.php(79): CodeIgniter\CodeIgniter->run()
CRITICAL - 2023-10-12 16:00:54 --> Call to a member function update() on int
in APPPATH\Controllers\Crud.php on line 136.
 1 SYSTEMPATH\CodeIgniter.php(919): App\Controllers\Crud->edit('1')
 2 SYSTEMPATH\CodeIgniter.php(494): CodeIgniter\CodeIgniter->runController(Object(App\Controllers\Crud))
 3 SYSTEMPATH\CodeIgniter.php(353): CodeIgniter\CodeIgniter->handleRequest(null, Object(Config\Cache), false)
 4 FCPATH\index.php(79): CodeIgniter\CodeIgniter->run()
CRITICAL - 2023-10-12 16:17:39 --> Unsupported operand types: string + string
in APPPATH\Controllers\Crud.php on line 143.
 1 SYSTEMPATH\CodeIgniter.php(919): App\Controllers\Crud->edit('1')
 2 SYSTEMPATH\CodeIgniter.php(494): CodeIgniter\CodeIgniter->runController(Object(App\Controllers\Crud))
 3 SYSTEMPATH\CodeIgniter.php(353): CodeIgniter\CodeIgniter->handleRequest(null, Object(Config\Cache), false)
 4 FCPATH\index.php(79): CodeIgniter\CodeIgniter->run()
